{
  "RSpec": {
    "coverage": {
      "/Users/sherodtaylor/Dropbox/wdi/april8to13th/rails-movie/app/controllers/application_controller.rb": [
        1,
        1,
        null
      ],
      "/Users/sherodtaylor/Dropbox/wdi/april8to13th/rails-movie/app/helpers/application_helper.rb": [
        1,
        null
      ],
      "/Users/sherodtaylor/Dropbox/wdi/april8to13th/rails-movie/app/helpers/movie_helper.rb": [
        1,
        null
      ],
      "/Users/sherodtaylor/Dropbox/wdi/april8to13th/rails-movie/app/controllers/movie_controller.rb": [
        1,
        1,
        2,
        2,
        2,
        2,
        null,
        null,
        1,
        3,
        3,
        3,
        3,
        3,
        3,
        3,
        3,
        3,
        3,
        null,
        null
      ],
      "/Users/sherodtaylor/Dropbox/wdi/april8to13th/rails-movie/app/models/movie_search.rb": [
        1,
        1,
        1,
        3,
        3,
        null,
        null,
        null,
        null
      ],
      "/Users/sherodtaylor/Dropbox/wdi/april8to13th/rails-movie/app/models/movies.rb": [
        1,
        1,
        1,
        1,
        4,
        4,
        null,
        null
      ]
    },
    "timestamp": 1371434785
  }
}
